2018-08-08 17:25:51,930 [Worker-5] INFO  c.g.t.t.d.PublishedGradleVersions - Gradle version information cache is up-to-date. Trying to read.
2018-08-08 17:28:22,228 [Worker-15] INFO  o.e.m.c.i.p.ProjectConfigurationManager - Collecting project info '/pom.xml' E:\Programming\Spring MVC\SpringFirst\pom.xml
2018-08-08 17:28:35,817 [Worker-15] INFO  o.e.m.c.i.l.LifecycleMappingFactory - Using org.maven.ide.eclipse.wtp.WarLifecycleMapping lifecycle mapping for MavenProject: demo:SpringFirst:0.0.1-SNAPSHOT @ E:\Programming\Spring MVC\SpringFirst\pom.xml.
2018-08-08 17:28:38,732 [Worker-15] INFO  o.e.m.j.i.AbstractJavaProjectConfigurator - Adding source folder /SpringFirst/src/main/java
2018-08-08 17:28:38,733 [Worker-15] INFO  o.e.m.j.i.AbstractJavaProjectConfigurator - Adding source folder /SpringFirst/src/test/java
2018-08-08 17:28:49,162 [Worker-15] INFO  o.e.m.c.i.p.ProjectConfigurationManager - Imported and configured 1 project(s) in 26 sec
2018-08-08 17:28:53,712 [Worker-17] INFO  o.e.m.c.i.embedder.EclipseLogger - Using 'UTF-8' encoding to copy filtered resources.
2018-08-08 17:28:53,713 [Worker-17] INFO  o.e.m.c.i.embedder.EclipseLogger - skip non existing resourceDirectory E:\Programming\Spring MVC\SpringFirst\src\main\resources
2018-08-08 17:28:53,725 [Worker-17] INFO  o.e.m.c.i.embedder.EclipseLogger - Using 'UTF-8' encoding to copy filtered resources.
2018-08-08 17:28:53,725 [Worker-17] INFO  o.e.m.c.i.embedder.EclipseLogger - skip non existing resourceDirectory E:\Programming\Spring MVC\SpringFirst\src\test\resources
2018-08-08 17:30:36,793 [Worker-15] INFO  o.e.m.c.i.l.LifecycleMappingFactory - Using org.maven.ide.eclipse.wtp.WarLifecycleMapping lifecycle mapping for MavenProject: demo:SpringFirst:0.0.1-SNAPSHOT @ E:\Programming\Spring MVC\SpringFirst\pom.xml.
2018-08-08 17:30:38,445 [Worker-15] INFO  o.e.m.c.i.embedder.EclipseLogger - Using 'UTF-8' encoding to copy filtered resources.
2018-08-08 17:30:38,445 [Worker-15] INFO  o.e.m.c.i.embedder.EclipseLogger - skip non existing resourceDirectory E:\Programming\Spring MVC\SpringFirst\src\main\resources
2018-08-08 17:30:38,448 [Worker-15] INFO  o.e.m.c.i.embedder.EclipseLogger - Using 'UTF-8' encoding to copy filtered resources.
2018-08-08 17:30:38,449 [Worker-15] INFO  o.e.m.c.i.embedder.EclipseLogger - skip non existing resourceDirectory E:\Programming\Spring MVC\SpringFirst\src\test\resources
2018-08-08 17:30:38,449 [Worker-15] INFO  o.e.m.w.i.f.ResourceFilteringBuildParticipant - Changed resources require a complete clean of filtered resources of SpringFirst
2018-08-08 17:30:38,451 [Worker-15] INFO  o.e.m.w.i.f.ResourceFilteringBuildParticipant - Executing resource filtering for SpringFirst
2018-08-08 17:30:38,459 [Worker-15] INFO  o.e.m.c.i.embedder.EclipseLogger - Using 'UTF-8' encoding to copy filtered resources.
2018-08-08 17:30:39,689 [Worker-1] INFO  o.e.m.c.i.embedder.EclipseLogger - Using 'UTF-8' encoding to copy filtered resources.
2018-08-08 17:30:39,690 [Worker-1] INFO  o.e.m.c.i.embedder.EclipseLogger - skip non existing resourceDirectory E:\Programming\Spring MVC\SpringFirst\src\main\resources
2018-08-08 17:30:39,695 [Worker-1] INFO  o.e.m.c.i.embedder.EclipseLogger - Using 'UTF-8' encoding to copy filtered resources.
2018-08-08 17:30:39,695 [Worker-1] INFO  o.e.m.c.i.embedder.EclipseLogger - skip non existing resourceDirectory E:\Programming\Spring MVC\SpringFirst\src\test\resources
2018-08-08 17:33:29,725 [Worker-8] INFO  o.e.m.c.i.embedder.EclipseLogger - Using 'UTF-8' encoding to copy filtered resources.
2018-08-08 17:33:29,725 [Worker-8] INFO  o.e.m.c.i.embedder.EclipseLogger - skip non existing resourceDirectory E:\Programming\Spring MVC\SpringFirst\src\main\resources
2018-08-08 17:33:29,729 [Worker-8] INFO  o.e.m.c.i.embedder.EclipseLogger - Using 'UTF-8' encoding to copy filtered resources.
2018-08-08 17:33:29,729 [Worker-8] INFO  o.e.m.c.i.embedder.EclipseLogger - skip non existing resourceDirectory E:\Programming\Spring MVC\SpringFirst\src\test\resources
2018-08-08 17:34:07,694 [Worker-19] INFO  o.e.m.c.i.embedder.EclipseLogger - Using 'UTF-8' encoding to copy filtered resources.
2018-08-08 17:34:07,695 [Worker-19] INFO  o.e.m.c.i.embedder.EclipseLogger - skip non existing resourceDirectory E:\Programming\Spring MVC\SpringFirst\src\main\resources
2018-08-08 17:34:07,697 [Worker-19] INFO  o.e.m.c.i.embedder.EclipseLogger - Using 'UTF-8' encoding to copy filtered resources.
2018-08-08 17:34:07,697 [Worker-19] INFO  o.e.m.c.i.embedder.EclipseLogger - skip non existing resourceDirectory E:\Programming\Spring MVC\SpringFirst\src\test\resources
2018-08-08 17:34:18,271 [Worker-21] INFO  o.e.m.c.i.embedder.EclipseLogger - Using 'UTF-8' encoding to copy filtered resources.
2018-08-08 17:34:18,272 [Worker-21] INFO  o.e.m.c.i.embedder.EclipseLogger - skip non existing resourceDirectory E:\Programming\Spring MVC\SpringFirst\src\main\resources
2018-08-08 17:34:18,273 [Worker-21] INFO  o.e.m.c.i.embedder.EclipseLogger - Using 'UTF-8' encoding to copy filtered resources.
2018-08-08 17:34:18,274 [Worker-21] INFO  o.e.m.c.i.embedder.EclipseLogger - skip non existing resourceDirectory E:\Programming\Spring MVC\SpringFirst\src\test\resources
2018-08-08 17:36:39,931 [Worker-16] INFO  o.e.m.c.i.l.LifecycleMappingFactory - Using org.maven.ide.eclipse.wtp.WarLifecycleMapping lifecycle mapping for MavenProject: demo:SpringFirst:0.0.1-SNAPSHOT @ E:\Programming\Spring MVC\SpringFirst\pom.xml.
2018-08-08 17:36:41,307 [Worker-16] INFO  o.e.m.c.i.e.AbstractTransferListenerAdapter - Downloaded https://repo.maven.apache.org/maven2/javax/servlet/javax.servlet-api/2.5/javax.servlet-api-2.5.pom
2018-08-08 17:36:41,328 [Worker-16] WARN  o.e.m.c.i.embedder.EclipseLogger - The POM for javax.servlet:javax.servlet-api:jar:2.5 is missing, no dependency information available
2018-08-08 17:36:41,919 [Worker-16] INFO  o.e.m.c.i.e.AbstractTransferListenerAdapter - Downloaded https://repo.maven.apache.org/maven2/javax/servlet/javax.servlet-api/2.5/javax.servlet-api-2.5.jar
2018-08-08 17:36:42,042 [Worker-16] WARN  o.e.m.c.i.embedder.EclipseLogger - The POM for javax.servlet:javax.servlet-api:jar:2.5 is missing, no dependency information available
2018-08-08 17:36:43,716 [Worker-16] INFO  o.e.m.c.i.embedder.EclipseLogger - Using 'UTF-8' encoding to copy filtered resources.
2018-08-08 17:36:43,717 [Worker-16] INFO  o.e.m.c.i.embedder.EclipseLogger - skip non existing resourceDirectory E:\Programming\Spring MVC\SpringFirst\src\main\resources
2018-08-08 17:36:43,719 [Worker-16] INFO  o.e.m.c.i.embedder.EclipseLogger - Using 'UTF-8' encoding to copy filtered resources.
2018-08-08 17:36:43,720 [Worker-16] INFO  o.e.m.c.i.embedder.EclipseLogger - skip non existing resourceDirectory E:\Programming\Spring MVC\SpringFirst\src\test\resources
2018-08-08 17:36:43,720 [Worker-16] INFO  o.e.m.w.i.f.ResourceFilteringBuildParticipant - Changed resources require a complete clean of filtered resources of SpringFirst
2018-08-08 17:36:43,720 [Worker-16] INFO  o.e.m.w.i.f.ResourceFilteringBuildParticipant - Executing resource filtering for SpringFirst
2018-08-08 17:36:43,727 [Worker-16] INFO  o.e.m.c.i.embedder.EclipseLogger - Using 'UTF-8' encoding to copy filtered resources.
2018-08-08 17:36:44,071 [Worker-23] WARN  o.e.m.c.i.embedder.EclipseLogger - The POM for javax.servlet:javax.servlet-api:jar:2.5 is missing, no dependency information available
2018-08-08 17:36:44,141 [Worker-23] INFO  o.e.m.c.i.embedder.EclipseLogger - Using 'UTF-8' encoding to copy filtered resources.
2018-08-08 17:36:44,141 [Worker-23] INFO  o.e.m.c.i.embedder.EclipseLogger - skip non existing resourceDirectory E:\Programming\Spring MVC\SpringFirst\src\main\resources
2018-08-08 17:36:44,143 [Worker-23] INFO  o.e.m.c.i.embedder.EclipseLogger - Using 'UTF-8' encoding to copy filtered resources.
2018-08-08 17:36:44,143 [Worker-23] INFO  o.e.m.c.i.embedder.EclipseLogger - skip non existing resourceDirectory E:\Programming\Spring MVC\SpringFirst\src\test\resources
2018-08-08 17:36:57,502 [Worker-17] INFO  o.e.m.c.i.l.LifecycleMappingFactory - Using org.maven.ide.eclipse.wtp.WarLifecycleMapping lifecycle mapping for MavenProject: demo:SpringFirst:0.0.1-SNAPSHOT @ E:\Programming\Spring MVC\SpringFirst\pom.xml.
2018-08-08 17:36:58,347 [Worker-17] INFO  o.e.m.c.i.embedder.EclipseLogger - Using 'UTF-8' encoding to copy filtered resources.
2018-08-08 17:36:58,347 [Worker-17] INFO  o.e.m.c.i.embedder.EclipseLogger - skip non existing resourceDirectory E:\Programming\Spring MVC\SpringFirst\src\main\resources
2018-08-08 17:36:58,349 [Worker-17] INFO  o.e.m.c.i.embedder.EclipseLogger - Using 'UTF-8' encoding to copy filtered resources.
2018-08-08 17:36:58,349 [Worker-17] INFO  o.e.m.c.i.embedder.EclipseLogger - skip non existing resourceDirectory E:\Programming\Spring MVC\SpringFirst\src\test\resources
2018-08-08 17:36:58,349 [Worker-17] INFO  o.e.m.w.i.f.ResourceFilteringBuildParticipant - Changed resources require a complete clean of filtered resources of SpringFirst
2018-08-08 17:36:58,349 [Worker-17] INFO  o.e.m.w.i.f.ResourceFilteringBuildParticipant - Executing resource filtering for SpringFirst
2018-08-08 17:36:58,353 [Worker-17] INFO  o.e.m.c.i.embedder.EclipseLogger - Using 'UTF-8' encoding to copy filtered resources.
2018-08-08 17:36:59,606 [Worker-16] INFO  o.e.m.c.i.embedder.EclipseLogger - Using 'UTF-8' encoding to copy filtered resources.
2018-08-08 17:36:59,607 [Worker-16] INFO  o.e.m.c.i.embedder.EclipseLogger - skip non existing resourceDirectory E:\Programming\Spring MVC\SpringFirst\src\main\resources
2018-08-08 17:36:59,609 [Worker-16] INFO  o.e.m.c.i.embedder.EclipseLogger - Using 'UTF-8' encoding to copy filtered resources.
2018-08-08 17:36:59,610 [Worker-16] INFO  o.e.m.c.i.embedder.EclipseLogger - skip non existing resourceDirectory E:\Programming\Spring MVC\SpringFirst\src\test\resources
2018-08-08 17:38:03,199 [Worker-17] INFO  o.e.m.c.i.embedder.EclipseLogger - Using 'UTF-8' encoding to copy filtered resources.
2018-08-08 17:38:03,200 [Worker-17] INFO  o.e.m.c.i.embedder.EclipseLogger - skip non existing resourceDirectory E:\Programming\Spring MVC\SpringFirst\src\main\resources
2018-08-08 17:38:03,202 [Worker-17] INFO  o.e.m.c.i.embedder.EclipseLogger - Using 'UTF-8' encoding to copy filtered resources.
2018-08-08 17:38:03,202 [Worker-17] INFO  o.e.m.c.i.embedder.EclipseLogger - skip non existing resourceDirectory E:\Programming\Spring MVC\SpringFirst\src\test\resources
2018-08-08 17:38:05,385 [Worker-16] INFO  o.e.m.c.i.embedder.EclipseLogger - Using 'UTF-8' encoding to copy filtered resources.
2018-08-08 17:38:05,385 [Worker-16] INFO  o.e.m.c.i.embedder.EclipseLogger - skip non existing resourceDirectory E:\Programming\Spring MVC\SpringFirst\src\main\resources
2018-08-08 17:38:05,388 [Worker-16] INFO  o.e.m.c.i.embedder.EclipseLogger - Using 'UTF-8' encoding to copy filtered resources.
2018-08-08 17:38:05,388 [Worker-16] INFO  o.e.m.c.i.embedder.EclipseLogger - skip non existing resourceDirectory E:\Programming\Spring MVC\SpringFirst\src\test\resources
2018-08-08 17:45:12,319 [Worker-17] INFO  o.e.m.c.i.embedder.EclipseLogger - Using 'UTF-8' encoding to copy filtered resources.
2018-08-08 17:45:12,319 [Worker-17] INFO  o.e.m.c.i.embedder.EclipseLogger - skip non existing resourceDirectory E:\Programming\Spring MVC\SpringFirst\src\main\resources
2018-08-08 17:45:12,321 [Worker-17] INFO  o.e.m.c.i.embedder.EclipseLogger - Using 'UTF-8' encoding to copy filtered resources.
2018-08-08 17:45:12,321 [Worker-17] INFO  o.e.m.c.i.embedder.EclipseLogger - skip non existing resourceDirectory E:\Programming\Spring MVC\SpringFirst\src\test\resources
2018-08-08 17:45:50,472 [Worker-23] INFO  o.e.m.c.i.embedder.EclipseLogger - Using 'UTF-8' encoding to copy filtered resources.
2018-08-08 17:45:50,473 [Worker-23] INFO  o.e.m.c.i.embedder.EclipseLogger - skip non existing resourceDirectory E:\Programming\Spring MVC\SpringFirst\src\main\resources
2018-08-08 17:45:50,477 [Worker-23] INFO  o.e.m.c.i.embedder.EclipseLogger - Using 'UTF-8' encoding to copy filtered resources.
2018-08-08 17:45:50,478 [Worker-23] INFO  o.e.m.c.i.embedder.EclipseLogger - skip non existing resourceDirectory E:\Programming\Spring MVC\SpringFirst\src\test\resources
2018-08-08 17:46:08,843 [Worker-26] INFO  o.e.m.c.i.embedder.EclipseLogger - Using 'UTF-8' encoding to copy filtered resources.
2018-08-08 17:46:08,843 [Worker-26] INFO  o.e.m.c.i.embedder.EclipseLogger - skip non existing resourceDirectory E:\Programming\Spring MVC\SpringFirst\src\main\resources
2018-08-08 17:46:08,845 [Worker-26] INFO  o.e.m.c.i.embedder.EclipseLogger - Using 'UTF-8' encoding to copy filtered resources.
2018-08-08 17:46:08,845 [Worker-26] INFO  o.e.m.c.i.embedder.EclipseLogger - skip non existing resourceDirectory E:\Programming\Spring MVC\SpringFirst\src\test\resources
2018-08-08 17:46:18,903 [Worker-25] INFO  o.e.m.c.i.embedder.EclipseLogger - Using 'UTF-8' encoding to copy filtered resources.
2018-08-08 17:46:18,903 [Worker-25] INFO  o.e.m.c.i.embedder.EclipseLogger - skip non existing resourceDirectory E:\Programming\Spring MVC\SpringFirst\src\main\resources
2018-08-08 17:46:18,907 [Worker-25] INFO  o.e.m.c.i.embedder.EclipseLogger - Using 'UTF-8' encoding to copy filtered resources.
2018-08-08 17:46:18,908 [Worker-25] INFO  o.e.m.c.i.embedder.EclipseLogger - skip non existing resourceDirectory E:\Programming\Spring MVC\SpringFirst\src\test\resources
2018-08-08 17:47:48,624 [Worker-27] INFO  o.e.m.c.i.embedder.EclipseLogger - Using 'UTF-8' encoding to copy filtered resources.
2018-08-08 17:47:48,624 [Worker-27] INFO  o.e.m.c.i.embedder.EclipseLogger - skip non existing resourceDirectory E:\Programming\Spring MVC\SpringFirst\src\main\resources
2018-08-08 17:47:48,625 [Worker-27] INFO  o.e.m.c.i.embedder.EclipseLogger - Using 'UTF-8' encoding to copy filtered resources.
2018-08-08 17:47:48,626 [Worker-27] INFO  o.e.m.c.i.embedder.EclipseLogger - skip non existing resourceDirectory E:\Programming\Spring MVC\SpringFirst\src\test\resources
2018-08-08 17:48:21,854 [Worker-17] INFO  o.e.m.c.i.embedder.EclipseLogger - Using 'UTF-8' encoding to copy filtered resources.
2018-08-08 17:48:21,855 [Worker-17] INFO  o.e.m.c.i.embedder.EclipseLogger - skip non existing resourceDirectory E:\Programming\Spring MVC\SpringFirst\src\main\resources
2018-08-08 17:48:21,858 [Worker-17] INFO  o.e.m.c.i.embedder.EclipseLogger - Using 'UTF-8' encoding to copy filtered resources.
2018-08-08 17:48:21,860 [Worker-17] INFO  o.e.m.c.i.embedder.EclipseLogger - skip non existing resourceDirectory E:\Programming\Spring MVC\SpringFirst\src\test\resources
2018-08-08 17:52:53,315 [Worker-30] INFO  o.e.m.c.i.embedder.EclipseLogger - Using 'UTF-8' encoding to copy filtered resources.
2018-08-08 17:52:53,315 [Worker-30] INFO  o.e.m.c.i.embedder.EclipseLogger - skip non existing resourceDirectory E:\Programming\Spring MVC\SpringFirst\src\main\resources
2018-08-08 17:52:53,317 [Worker-30] INFO  o.e.m.c.i.embedder.EclipseLogger - Using 'UTF-8' encoding to copy filtered resources.
2018-08-08 17:52:53,317 [Worker-30] INFO  o.e.m.c.i.embedder.EclipseLogger - skip non existing resourceDirectory E:\Programming\Spring MVC\SpringFirst\src\test\resources
2018-08-08 17:55:32,691 [Worker-31] INFO  o.e.m.c.i.embedder.EclipseLogger - Using 'UTF-8' encoding to copy filtered resources.
2018-08-08 17:55:32,692 [Worker-31] INFO  o.e.m.c.i.embedder.EclipseLogger - skip non existing resourceDirectory E:\Programming\Spring MVC\SpringFirst\src\main\resources
2018-08-08 17:55:32,694 [Worker-31] INFO  o.e.m.c.i.embedder.EclipseLogger - Using 'UTF-8' encoding to copy filtered resources.
2018-08-08 17:55:32,694 [Worker-31] INFO  o.e.m.c.i.embedder.EclipseLogger - skip non existing resourceDirectory E:\Programming\Spring MVC\SpringFirst\src\test\resources
2018-08-08 17:57:42,919 [Worker-25] INFO  o.e.m.c.i.e.AbstractTransferListenerAdapter - Downloading https://repo.maven.apache.org/maven2/org/springframework/spring-context/4.1.8.RELEASE/spring-context-4.1.8.RELEASE-sources.jar
2018-08-08 17:57:44,015 [Worker-28] INFO  o.e.m.c.i.e.AbstractTransferListenerAdapter - Downloading https://repo.maven.apache.org/maven2/org/springframework/spring-context/4.1.8.RELEASE/spring-context-4.1.8.RELEASE-sources.jar
2018-08-08 17:57:45,106 [Worker-25] INFO  o.e.m.c.i.e.AbstractTransferListenerAdapter - Downloaded https://repo.maven.apache.org/maven2/org/springframework/spring-context/4.1.8.RELEASE/spring-context-4.1.8.RELEASE-sources.jar
2018-08-08 17:57:45,886 [Worker-25] INFO  o.e.m.j.internal.DownloadSourcesJob - Downloaded sources for org.springframework:spring-context:4.1.8.RELEASE
2018-08-08 17:57:46,404 [Worker-30] INFO  o.e.m.c.i.embedder.EclipseLogger - Using 'UTF-8' encoding to copy filtered resources.
2018-08-08 17:57:46,404 [Worker-30] INFO  o.e.m.c.i.embedder.EclipseLogger - skip non existing resourceDirectory E:\Programming\Spring MVC\SpringFirst\src\main\resources
2018-08-08 17:57:46,405 [Worker-30] INFO  o.e.m.c.i.embedder.EclipseLogger - Using 'UTF-8' encoding to copy filtered resources.
2018-08-08 17:57:46,405 [Worker-30] INFO  o.e.m.c.i.embedder.EclipseLogger - skip non existing resourceDirectory E:\Programming\Spring MVC\SpringFirst\src\test\resources
2018-08-08 17:57:48,133 [Worker-28] INFO  o.e.m.c.i.e.AbstractTransferListenerAdapter - Downloaded https://repo.maven.apache.org/maven2/org/springframework/spring-context/4.1.8.RELEASE/spring-context-4.1.8.RELEASE-sources.jar
2018-08-08 17:59:12,223 [Worker-31] INFO  o.e.m.c.i.embedder.EclipseLogger - Using 'UTF-8' encoding to copy filtered resources.
2018-08-08 17:59:12,224 [Worker-31] INFO  o.e.m.c.i.embedder.EclipseLogger - skip non existing resourceDirectory E:\Programming\Spring MVC\SpringFirst\src\main\resources
2018-08-08 17:59:12,225 [Worker-31] INFO  o.e.m.c.i.embedder.EclipseLogger - Using 'UTF-8' encoding to copy filtered resources.
2018-08-08 17:59:12,225 [Worker-31] INFO  o.e.m.c.i.embedder.EclipseLogger - skip non existing resourceDirectory E:\Programming\Spring MVC\SpringFirst\src\test\resources
2018-08-08 17:59:41,499 [Worker-25] INFO  o.e.m.c.i.embedder.EclipseLogger - Using 'UTF-8' encoding to copy filtered resources.
2018-08-08 17:59:41,499 [Worker-25] INFO  o.e.m.c.i.embedder.EclipseLogger - skip non existing resourceDirectory E:\Programming\Spring MVC\SpringFirst\src\main\resources
2018-08-08 17:59:41,500 [Worker-25] INFO  o.e.m.c.i.embedder.EclipseLogger - Using 'UTF-8' encoding to copy filtered resources.
2018-08-08 17:59:41,500 [Worker-25] INFO  o.e.m.c.i.embedder.EclipseLogger - skip non existing resourceDirectory E:\Programming\Spring MVC\SpringFirst\src\test\resources
2018-08-08 17:59:44,723 [Worker-31] INFO  o.e.m.c.i.embedder.EclipseLogger - Using 'UTF-8' encoding to copy filtered resources.
2018-08-08 17:59:44,723 [Worker-31] INFO  o.e.m.c.i.embedder.EclipseLogger - skip non existing resourceDirectory E:\Programming\Spring MVC\SpringFirst\src\main\resources
2018-08-08 17:59:44,729 [Worker-31] INFO  o.e.m.c.i.embedder.EclipseLogger - Using 'UTF-8' encoding to copy filtered resources.
2018-08-08 17:59:44,730 [Worker-31] INFO  o.e.m.c.i.embedder.EclipseLogger - skip non existing resourceDirectory E:\Programming\Spring MVC\SpringFirst\src\test\resources
2018-08-08 17:59:47,138 [Worker-30] INFO  o.e.m.c.i.embedder.EclipseLogger - Using 'UTF-8' encoding to copy filtered resources.
2018-08-08 17:59:47,139 [Worker-30] INFO  o.e.m.c.i.embedder.EclipseLogger - skip non existing resourceDirectory E:\Programming\Spring MVC\SpringFirst\src\main\resources
2018-08-08 17:59:47,143 [Worker-30] INFO  o.e.m.c.i.embedder.EclipseLogger - Using 'UTF-8' encoding to copy filtered resources.
2018-08-08 17:59:47,143 [Worker-30] INFO  o.e.m.c.i.embedder.EclipseLogger - skip non existing resourceDirectory E:\Programming\Spring MVC\SpringFirst\src\test\resources
2018-08-08 18:00:12,579 [Worker-25] INFO  o.e.m.c.i.embedder.EclipseLogger - Using 'UTF-8' encoding to copy filtered resources.
2018-08-08 18:00:12,580 [Worker-25] INFO  o.e.m.c.i.embedder.EclipseLogger - skip non existing resourceDirectory E:\Programming\Spring MVC\SpringFirst\src\main\resources
2018-08-08 18:00:12,583 [Worker-25] INFO  o.e.m.c.i.embedder.EclipseLogger - Using 'UTF-8' encoding to copy filtered resources.
2018-08-08 18:00:12,583 [Worker-25] INFO  o.e.m.c.i.embedder.EclipseLogger - skip non existing resourceDirectory E:\Programming\Spring MVC\SpringFirst\src\test\resources
2018-08-08 18:00:56,237 [Worker-31] INFO  o.e.m.c.i.embedder.EclipseLogger - Using 'UTF-8' encoding to copy filtered resources.
2018-08-08 18:00:56,237 [Worker-31] INFO  o.e.m.c.i.embedder.EclipseLogger - skip non existing resourceDirectory E:\Programming\Spring MVC\SpringFirst\src\main\resources
2018-08-08 18:00:56,240 [Worker-31] INFO  o.e.m.c.i.embedder.EclipseLogger - Using 'UTF-8' encoding to copy filtered resources.
2018-08-08 18:00:56,241 [Worker-31] INFO  o.e.m.c.i.embedder.EclipseLogger - skip non existing resourceDirectory E:\Programming\Spring MVC\SpringFirst\src\test\resources
2018-08-08 18:01:29,342 [Worker-31] INFO  o.e.m.c.i.embedder.EclipseLogger - Using 'UTF-8' encoding to copy filtered resources.
2018-08-08 18:01:29,343 [Worker-31] INFO  o.e.m.c.i.embedder.EclipseLogger - skip non existing resourceDirectory E:\Programming\Spring MVC\SpringFirst\src\main\resources
2018-08-08 18:01:29,345 [Worker-31] INFO  o.e.m.c.i.embedder.EclipseLogger - Using 'UTF-8' encoding to copy filtered resources.
2018-08-08 18:01:29,345 [Worker-31] INFO  o.e.m.c.i.embedder.EclipseLogger - skip non existing resourceDirectory E:\Programming\Spring MVC\SpringFirst\src\test\resources
2018-08-08 18:03:53,945 [Worker-32] INFO  o.e.m.c.i.embedder.EclipseLogger - Using 'UTF-8' encoding to copy filtered resources.
2018-08-08 18:03:53,945 [Worker-32] INFO  o.e.m.c.i.embedder.EclipseLogger - skip non existing resourceDirectory E:\Programming\Spring MVC\SpringFirst\src\main\resources
2018-08-08 18:03:53,947 [Worker-32] INFO  o.e.m.c.i.embedder.EclipseLogger - Using 'UTF-8' encoding to copy filtered resources.
2018-08-08 18:03:53,947 [Worker-32] INFO  o.e.m.c.i.embedder.EclipseLogger - skip non existing resourceDirectory E:\Programming\Spring MVC\SpringFirst\src\test\resources
2018-09-07 20:09:12,933 [Worker-0] INFO  c.g.t.t.d.PublishedGradleVersions - Gradle version information cache is out-of-date. Trying to update.
2018-09-07 20:09:25,319 [Worker-5] INFO  o.e.m.c.i.embedder.EclipseLogger - Using 'UTF-8' encoding to copy filtered resources.
2018-09-07 20:09:25,320 [Worker-5] INFO  o.e.m.c.i.embedder.EclipseLogger - skip non existing resourceDirectory E:\Programming\Spring MVC\SpringFirst\src\main\resources
2018-09-07 20:09:25,324 [Worker-5] INFO  o.e.m.c.i.embedder.EclipseLogger - Using 'UTF-8' encoding to copy filtered resources.
2018-09-07 20:09:25,324 [Worker-5] INFO  o.e.m.c.i.embedder.EclipseLogger - skip non existing resourceDirectory E:\Programming\Spring MVC\SpringFirst\src\test\resources
